<?xml version="1.0" encoding="UTF-8"?>
<!-- Generated by org.testng.reporters.JUnitReportReporter -->
<testsuite hostname="Fujitsu" failures="0" tests="5" name="com.actitime.testscripts.CustomerModule1" time="0.017" errors="0" timestamp="2021-12-09T17:36:33 PST" skipped="0">
  <testcase classname="com.actitime.testscripts.CustomerModule1" name="createCustomer" time="0.001"/>
  <system-out>
    <![CDATA[create customer]]>
  </system-out>
  <testcase classname="com.actitime.testscripts.CustomerModule1" name="createCustomer" time="0.002"/>
  <system-out>
    <![CDATA[create customer]]>
  </system-out>
  <testcase classname="com.actitime.testscripts.CustomerModule1" name="createCustomer" time="0.012"/>
  <system-out>
    <![CDATA[create customer]]>
  </system-out>
  <testcase classname="com.actitime.testscripts.CustomerModule1" name="modifyCustomer" time="0.001"/>
  <system-out>
    <![CDATA[modify customer]]>
  </system-out>
  <testcase classname="com.actitime.testscripts.CustomerModule1" name="deleteCustomer" time="0.001"/>
  <system-out>
    <![CDATA[delete customer]]>
  </system-out>
</testsuite> <!-- com.actitime.testscripts.CustomerModule1 -->
